Using pre-set license
Built from '2022.3/staging' branch; Version is '2022.3.19f1 (244b723c30a6) revision 2378610'; Using compiler version '192829333'; Build Type 'Release'
OS: 'Windows 11  (10.0.26100) 64bit Professional' Language: 'ru' Physical Memory: 15706 MB
BatchMode: 1, IsHumanControllingUs: 0, StartBugReporterOnCrash: 0, Is64bit: 1, IsPro: 1

COMMAND LINE ARGUMENTS:
C:\Program Files\Unity\Hub\Editor\2022.3.19f1\Editor\Unity.exe
-adb2
-batchMode
-noUpm
-name
AssetImportWorker1
-projectPath
C:/Users/dzube/GitHub/ZombieStrike3D/ZombieStrike
-logFile
Logs/AssetImportWorker1.log
-srvPort
63933
Successfully changed project path to: C:/Users/dzube/GitHub/ZombieStrike3D/ZombieStrike
C:/Users/dzube/GitHub/ZombieStrike3D/ZombieStrike
[UnityMemory] Configuration Parameters - Can be set up in boot.config
    "memorysetup-bucket-allocator-granularity=16"
    "memorysetup-bucket-allocator-bucket-count=8"
    "memorysetup-bucket-allocator-block-size=33554432"
    "memorysetup-bucket-allocator-block-count=8"
    "memorysetup-main-allocator-block-size=16777216"
    "memorysetup-thread-allocator-block-size=16777216"
    "memorysetup-gfx-main-allocator-block-size=16777216"
    "memorysetup-gfx-thread-allocator-block-size=16777216"
    "memorysetup-cache-allocator-block-size=4194304"
    "memorysetup-typetree-allocator-block-size=2097152"
    "memorysetup-profiler-bucket-allocator-granularity=16"
    "memorysetup-profiler-bucket-allocator-bucket-count=8"
    "memorysetup-profiler-bucket-allocator-block-size=33554432"
    "memorysetup-profiler-bucket-allocator-block-count=8"
    "memorysetup-profiler-allocator-block-size=16777216"
    "memorysetup-profiler-editor-allocator-block-size=1048576"
    "memorysetup-temp-allocator-size-main=16777216"
    "memorysetup-job-temp-allocator-block-size=2097152"
    "memorysetup-job-temp-allocator-block-size-background=1048576"
    "memorysetup-job-temp-allocator-reduction-small-platforms=262144"
    "memorysetup-allocator-temp-initial-block-size-main=262144"
    "memorysetup-allocator-temp-initial-block-size-worker=262144"
    "memorysetup-temp-allocator-size-background-worker=32768"
    "memorysetup-temp-allocator-size-job-worker=262144"
    "memorysetup-temp-allocator-size-preload-manager=33554432"
    "memorysetup-temp-allocator-size-nav-mesh-worker=65536"
    "memorysetup-temp-allocator-size-audio-worker=65536"
    "memorysetup-temp-allocator-size-cloud-worker=32768"
    "memorysetup-temp-allocator-size-gi-baking-worker=262144"
    "memorysetup-temp-allocator-size-gfx=262144"
Player connection [11820] Host "[IP] 172.19.0.1 [Port] 0 [Flags] 2 [Guid] 1989877644 [EditorId] 1989877644 [Version] 1048832 [Id] WindowsEditor(7,Laptop) [Debug] 1 [PackageName] WindowsEditor [ProjectName] Editor" joined multi-casting on [225.0.0.222:54997]...

Player connection [11820] Host "[IP] 172.19.0.1 [Port] 0 [Flags] 2 [Guid] 1989877644 [EditorId] 1989877644 [Version] 1048832 [Id] WindowsEditor(7,Laptop) [Debug] 1 [PackageName] WindowsEditor [ProjectName] Editor" joined alternative multi-casting on [225.0.0.222:34997]...

[Physics::Module] Initialized MultithreadedJobDispatcher with 15 workers.
Refreshing native plugins compatible for Editor in 3626.59 ms, found 3 plugins.
Preloading 0 native plugins for Editor in 0.00 ms.
Initialize engine version: 2022.3.19f1 (244b723c30a6)
[Subsystems] Discovering subsystems at path C:/Program Files/Unity/Hub/Editor/2022.3.19f1/Editor/Data/Resources/UnitySubsystems
[Subsystems] Discovering subsystems at path C:/Users/dzube/GitHub/ZombieStrike3D/ZombieStrike/Assets
GfxDevice: creating device client; threaded=0; jobified=0
Direct3D:
    Version:  Direct3D 11.0 [level 11.1]
    Renderer: AMD Radeon(TM) Graphics (ID=0x164c)
    Vendor:   ATI
    VRAM:     7853 MB
    Driver:   31.0.21912.14
Initialize mono
Mono path[0] = 'C:/Program Files/Unity/Hub/Editor/2022.3.19f1/Editor/Data/Managed'
Mono path[1] = 'C:/Program Files/Unity/Hub/Editor/2022.3.19f1/Editor/Data/MonoBleedingEdge/lib/mono/unityjit-win32'
Mono config path = 'C:/Program Files/Unity/Hub/Editor/2022.3.19f1/Editor/Data/MonoBleedingEdge/etc'
Using monoOptions --debugger-agent=transport=dt_socket,embedding=1,server=y,suspend=n,address=127.0.0.1:56148
Begin MonoManager ReloadAssembly
Registering precompiled unity dll's ...
Register platform support module: C:/Program Files/Unity/Hub/Editor/2022.3.19f1/Editor/Data/PlaybackEngines/WindowsStandaloneSupport/UnityEditor.WindowsStandalone.Extensions.dll
Registered in 0.189449 seconds.
- Loaded All Assemblies, in 11.420 seconds
Native extension for WindowsStandalone target not found
Mono: successfully reloaded assembly
- Finished resetting the current domain, in  0.528 seconds
Domain Reload Profiling: 11947ms
	BeginReloadAssembly (9036ms)
		ExecutionOrderSort (0ms)
		DisableScriptedObjects (0ms)
		BackupInstance (0ms)
		ReleaseScriptingObjects (0ms)
		CreateAndSetChildDomain (1ms)
	RebuildCommonClasses (763ms)
	RebuildNativeTypeToScriptingClass (17ms)
	initialDomainReloadingComplete (280ms)
	LoadAllAssembliesAndSetupDomain (1322ms)
		LoadAssemblies (9034ms)
		RebuildTransferFunctionScriptingTraits (0ms)
		AnalyzeDomain (1318ms)
			TypeCache.Refresh (1315ms)
				TypeCache.ScanAssembly (1158ms)
			ScanForSourceGeneratedMonoScriptInfo (1ms)
			ResolveRequiredComponents (1ms)
	FinalizeReload (529ms)
		ReleaseScriptCaches (0ms)
		RebuildScriptCaches (0ms)
		SetupLoadedEditorAssemblies (427ms)
			LogAssemblyErrors (0ms)
			InitializePlatformSupportModulesInManaged (14ms)
			SetLoadedEditorAssemblies (14ms)
			RefreshPlugins (0ms)
			BeforeProcessingInitializeOnLoad (4ms)
			ProcessInitializeOnLoadAttributes (296ms)
			ProcessInitializeOnLoadMethodAttributes (98ms)
			AfterProcessingInitializeOnLoad (0ms)
			EditorAssembliesLoaded (0ms)
		ExecutionOrderSort2 (0ms)
		AwakeInstancesAfterBackupRestoration (0ms)
========================================================================
Worker process is ready to serve import requests
Begin MonoManager ReloadAssembly
- Loaded All Assemblies, in  9.555 seconds
Refreshing native plugins compatible for Editor in 4.85 ms, found 3 plugins.
Native extension for WindowsStandalone target not found
Package Manager log level set to [2]
[Package Manager] Server::EnsureServerProcessIsRunning -- launch failed, reason: Unity was launched with the -noUpm command-line argument
[Package Manager] UpmClient::Send -- Unable to send message (not connected to UPM process).
[Package Manager] Cannot connect to Unity Package Manager local server
Mono: successfully reloaded assembly
- Finished resetting the current domain, in  1.039 seconds
Domain Reload Profiling: 10591ms
	BeginReloadAssembly (254ms)
		ExecutionOrderSort (0ms)
		DisableScriptedObjects (9ms)
		BackupInstance (0ms)
		ReleaseScriptingObjects (0ms)
		CreateAndSetChildDomain (32ms)
	RebuildCommonClasses (57ms)
	RebuildNativeTypeToScriptingClass (21ms)
	initialDomainReloadingComplete (75ms)
	LoadAllAssembliesAndSetupDomain (9145ms)
		LoadAssemblies (8258ms)
		RebuildTransferFunctionScriptingTraits (0ms)
		AnalyzeDomain (1031ms)
			TypeCache.Refresh (995ms)
				TypeCache.ScanAssembly (908ms)
			ScanForSourceGeneratedMonoScriptInfo (25ms)
			ResolveRequiredComponents (7ms)
	FinalizeReload (1040ms)
		ReleaseScriptCaches (0ms)
		RebuildScriptCaches (0ms)
		SetupLoadedEditorAssemblies (757ms)
			LogAssemblyErrors (0ms)
			InitializePlatformSupportModulesInManaged (8ms)
			SetLoadedEditorAssemblies (8ms)
			RefreshPlugins (0ms)
			BeforeProcessingInitializeOnLoad (93ms)
			ProcessInitializeOnLoadAttributes (608ms)
			ProcessInitializeOnLoadMethodAttributes (31ms)
			AfterProcessingInitializeOnLoad (8ms)
			EditorAssembliesLoaded (0ms)
		ExecutionOrderSort2 (0ms)
		AwakeInstancesAfterBackupRestoration (10ms)
Launched and connected shader compiler UnityShaderCompiler.exe after 0.09 seconds
Refreshing native plugins compatible for Editor in 12.18 ms, found 3 plugins.
Preloading 0 native plugins for Editor in 0.00 ms.
Unloading 3086 Unused Serialized files (Serialized files now loaded: 0)
Unloading 32 unused Assets / (56.9 KB). Loaded Objects now: 3547.
Memory consumption went from 122.8 MB to 122.8 MB.
Total: 6.022100 ms (FindLiveObjects: 0.508700 ms CreateObjectMapping: 0.127700 ms MarkObjects: 5.213300 ms  DeleteObjects: 0.170200 ms)

AssetImportParameters requested are different than current active one (requested -> active):
  custom:container-demuxer-ogg: 62fdf1f143b41e24485cea50d1cbac27 -> 
  custom:video-codec-MediaFoundation-h265: 746d11721c4dcdbdad8f713fa42b33f4 -> 
  custom:video-decoder-ogg-theora: a1e56fd34408186e4bbccfd4996cb3dc -> 
  custom:framework-win-MediaFoundation: 216162199b28c13a410421893ffa2e32 -> 
  custom:CustomObjectIndexerAttribute: 6d391050e5a25f67b0a2c618074f2cd9 -> 
  custom:container-demuxer-webm: 4f35f7cbe854078d1ac9338744f61a02 -> 
  custom:container-muxer-webm: aa71ff27fc2769a1b78a27578f13a17b -> 
  custom:video-decoder-webm-vp8: 9c59270c3fd7afecdb556c50c9e8de78 -> 
  custom:SearchIndexIgnoredProperties: e643bd26f0fe6173181afceb89e7c659 -> 
  custom:AudioImporter_EditorPlatform: d09bf68614088b80899f8185d706f6e7 -> 
  custom:video-encoder-webm-vp8: eb34c28f22e8b96e1ab97ce403110664 -> 
  custom:audio-decoder-ogg-vorbis: bf7c407c2cedff20999df2af8eb42d56 -> 
  custom:audio-encoder-webm-vorbis: bf7c407c2cedff20999df2af8eb42d56 -> 
========================================================================
Received Import Request.
  Time since last request: 186551.846335 seconds.
  path: Assets/Military/Materials/Gloves1_Skin2.mat
  artifactKey: Guid(953e54df3cf3ebd459b13ba48cac3a19) Importer(815301076,1909f56bfc062723c751e8b465ee728b)
Start importing Assets/Military/Materials/Gloves1_Skin2.mat using Guid(953e54df3cf3ebd459b13ba48cac3a19) Importer(815301076,1909f56bfc062723c751e8b465ee728b)  -> (artifact id: '8500380905d495e2fd9f4938bd23c50c') in 0.660019 seconds
Number of updated asset objects reloaded before import = 0
Number of asset objects unloaded after import = 5
========================================================================
Received Import Request.
  Time since last request: 0.000124 seconds.
  path: Assets/Military/Basemesh/SK_Military_Survivalist.fbx
  artifactKey: Guid(0e55d5c42cc96404f872b45455603f8b) Importer(815301076,1909f56bfc062723c751e8b465ee728b)
Start importing Assets/Military/Basemesh/SK_Military_Survivalist.fbx using Guid(0e55d5c42cc96404f872b45455603f8b) Importer(815301076,1909f56bfc062723c751e8b465ee728b)  -> (artifact id: '76ef68c22a1cb925ed96667bc1c335ef') in 2.159246 seconds
Number of updated asset objects reloaded before import = 0
Number of asset objects unloaded after import = 251
========================================================================
Received Import Request.
  Time since last request: 0.000066 seconds.
  path: Assets/Military/Materials/Backpack1_Skin1.mat
  artifactKey: Guid(bb22c5d48abf85d4f98617d056e1d110) Importer(815301076,1909f56bfc062723c751e8b465ee728b)
Start importing Assets/Military/Materials/Backpack1_Skin1.mat using Guid(bb22c5d48abf85d4f98617d056e1d110) Importer(815301076,1909f56bfc062723c751e8b465ee728b)  -> (artifact id: '776ac079c06631ccc632edfb6231980e') in 0.081851 seconds
Number of updated asset objects reloaded before import = 0
Number of asset objects unloaded after import = 6
========================================================================
Received Import Request.
  Time since last request: 0.000108 seconds.
  path: Assets/Military/Prefab/Lighting.prefab
  artifactKey: Guid(b1765a45445c20047b67651862aae6a5) Importer(815301076,1909f56bfc062723c751e8b465ee728b)
Start importing Assets/Military/Prefab/Lighting.prefab using Guid(b1765a45445c20047b67651862aae6a5) Importer(815301076,1909f56bfc062723c751e8b465ee728b)  -> (artifact id: 'b8f29b0ab5a923300319cbd823e693ef') in 0.006650 seconds
Number of updated asset objects reloaded before import = 0
Number of asset objects unloaded after import = 28
========================================================================
Received Import Request.
  Time since last request: 0.000044 seconds.
  path: Assets/Military/Materials/Cap1_Skin3.mat
  artifactKey: Guid(96a5b189e0fdcb74b970135d97057d9a) Importer(815301076,1909f56bfc062723c751e8b465ee728b)
Start importing Assets/Military/Materials/Cap1_Skin3.mat using Guid(96a5b189e0fdcb74b970135d97057d9a) Importer(815301076,1909f56bfc062723c751e8b465ee728b)  -> (artifact id: '43460f92ffae2dcc0fb9ae17e0f299d5') in 0.069870 seconds
Number of updated asset objects reloaded before import = 0
Number of asset objects unloaded after import = 6
========================================================================
Received Import Request.
  Time since last request: 0.000030 seconds.
  path: Assets/Military/Materials/Pouches1_Skin1.mat
  artifactKey: Guid(66281e6f4c3b1b34d8046c9fdea8fa9f) Importer(815301076,1909f56bfc062723c751e8b465ee728b)
Start importing Assets/Military/Materials/Pouches1_Skin1.mat using Guid(66281e6f4c3b1b34d8046c9fdea8fa9f) Importer(815301076,1909f56bfc062723c751e8b465ee728b)  -> (artifact id: '6cac7035ec70793d39022269c8fc30e0') in 0.062112 seconds
Number of updated asset objects reloaded before import = 0
Number of asset objects unloaded after import = 6
========================================================================
Received Import Request.
  Time since last request: 0.000066 seconds.
  path: Assets/Military/Materials/Backpack1_Skin2.mat
  artifactKey: Guid(3c18a64b693f2fc45a7f092ddf46cbce) Importer(815301076,1909f56bfc062723c751e8b465ee728b)
Start importing Assets/Military/Materials/Backpack1_Skin2.mat using Guid(3c18a64b693f2fc45a7f092ddf46cbce) Importer(815301076,1909f56bfc062723c751e8b465ee728b)  -> (artifact id: '7abde5a64cda3873c0ff302868d461ac') in 0.070701 seconds
Number of updated asset objects reloaded before import = 0
Number of asset objects unloaded after import = 6
========================================================================
Received Import Request.
  Time since last request: 0.000065 seconds.
  path: Assets/Military/Materials/Hands1_Skin2.mat
  artifactKey: Guid(1f04324fc44f0984596062b227d2375c) Importer(815301076,1909f56bfc062723c751e8b465ee728b)
Start importing Assets/Military/Materials/Hands1_Skin2.mat using Guid(1f04324fc44f0984596062b227d2375c) Importer(815301076,1909f56bfc062723c751e8b465ee728b)  -> (artifact id: 'e26df1ecfe0f458c7760ee827db59d74') in 0.073744 seconds
Number of updated asset objects reloaded before import = 0
Number of asset objects unloaded after import = 4
========================================================================
Received Import Request.
  Time since last request: 0.000111 seconds.
  path: Assets/Military/Floor/MAT_Floor.mat
  artifactKey: Guid(877b27d923ebe5b41bd16025541c777b) Importer(815301076,1909f56bfc062723c751e8b465ee728b)
Start importing Assets/Military/Floor/MAT_Floor.mat using Guid(877b27d923ebe5b41bd16025541c777b) Importer(815301076,1909f56bfc062723c751e8b465ee728b)  -> (artifact id: '962dd2468a0f503d29be66aee9ec3006') in 0.382304 seconds
Number of updated asset objects reloaded before import = 0
Number of asset objects unloaded after import = 1
========================================================================
Received Import Request.
  Time since last request: 428.428267 seconds.
  path: Assets/Low Poly SMG Weapon Pack 3/Prefabs/Weapons/SMG_L.prefab
  artifactKey: Guid(a73dcb77b56bc7546947e2991a5fee5a) Importer(815301076,1909f56bfc062723c751e8b465ee728b)
Start importing Assets/Low Poly SMG Weapon Pack 3/Prefabs/Weapons/SMG_L.prefab using Guid(a73dcb77b56bc7546947e2991a5fee5a) Importer(815301076,1909f56bfc062723c751e8b465ee728b)  -> (artifact id: 'd68223be31999cefb58cc9f9f3da1189') in 0.107739 seconds
Number of updated asset objects reloaded before import = 0
Number of asset objects unloaded after import = 56
========================================================================
Received Import Request.
  Time since last request: 0.000069 seconds.
  path: Assets/Low Poly SMG Weapon Pack 3/Prefabs/Weapons/SMG_O.prefab
  artifactKey: Guid(9a7ca24aeb9a13b48a7fa8dfe64e7317) Importer(815301076,1909f56bfc062723c751e8b465ee728b)
Start importing Assets/Low Poly SMG Weapon Pack 3/Prefabs/Weapons/SMG_O.prefab using Guid(9a7ca24aeb9a13b48a7fa8dfe64e7317) Importer(815301076,1909f56bfc062723c751e8b465ee728b)  -> (artifact id: 'f5f37acfa561a5c7c9e576a70d4a9c17') in 0.046168 seconds
Number of updated asset objects reloaded before import = 0
Number of asset objects unloaded after import = 61
========================================================================
Received Import Request.
  Time since last request: 0.000039 seconds.
  path: Assets/Low Poly SMG Weapon Pack 3/Prefabs/Weapons/SMG_N.prefab
  artifactKey: Guid(35b18a22d4bad094e92cc1c27ce39e48) Importer(815301076,1909f56bfc062723c751e8b465ee728b)
Start importing Assets/Low Poly SMG Weapon Pack 3/Prefabs/Weapons/SMG_N.prefab using Guid(35b18a22d4bad094e92cc1c27ce39e48) Importer(815301076,1909f56bfc062723c751e8b465ee728b)  -> (artifact id: '4a4557bad3e055baf46a71759fc8fe7d') in 0.028529 seconds
Number of updated asset objects reloaded before import = 0
Number of asset objects unloaded after import = 66
========================================================================
Received Import Request.
  Time since last request: 0.000037 seconds.
  path: Assets/Low Poly SMG Weapon Pack 3/Prefabs/Weapons/SMG_M.prefab
  artifactKey: Guid(04ebc5795fafdcc4cb4237ae93c66ae9) Importer(815301076,1909f56bfc062723c751e8b465ee728b)
Start importing Assets/Low Poly SMG Weapon Pack 3/Prefabs/Weapons/SMG_M.prefab using Guid(04ebc5795fafdcc4cb4237ae93c66ae9) Importer(815301076,1909f56bfc062723c751e8b465ee728b)  -> (artifact id: 'be21ac4b3ec046f1cc326cfe6770623c') in 0.034662 seconds
Number of updated asset objects reloaded before import = 0
Number of asset objects unloaded after import = 46
Editor requested this worker to shutdown with reason: Scaling down because of idle timeout
TcpMessagingSession - receive error: operation aborted. errorcode: 995, details: ќпераци€ ввода/вывода была прервана из-за завершени€ потока команд или по запросу приложени€.
AssetImportWorker is now disconnected from the server
Process exiting
Exiting without the bug reporter. Application will terminate with return code 0