Using pre-set license
Built from '2022.3/staging' branch; Version is '2022.3.19f1 (244b723c30a6) revision 2378610'; Using compiler version '192829333'; Build Type 'Release'
OS: 'Windows 11  (10.0.26100) 64bit Professional' Language: 'ru' Physical Memory: 15706 MB
BatchMode: 1, IsHumanControllingUs: 0, StartBugReporterOnCrash: 0, Is64bit: 1, IsPro: 1

COMMAND LINE ARGUMENTS:
C:\Program Files\Unity\Hub\Editor\2022.3.19f1\Editor\Unity.exe
-adb2
-batchMode
-noUpm
-name
AssetImportWorker0
-projectPath
C:/Users/dzube/GitHub/ZombieStrike3D/ZombieStrike
-logFile
Logs/AssetImportWorker0.log
-srvPort
63933
Successfully changed project path to: C:/Users/dzube/GitHub/ZombieStrike3D/ZombieStrike
C:/Users/dzube/GitHub/ZombieStrike3D/ZombieStrike
[UnityMemory] Configuration Parameters - Can be set up in boot.config
    "memorysetup-bucket-allocator-granularity=16"
    "memorysetup-bucket-allocator-bucket-count=8"
    "memorysetup-bucket-allocator-block-size=33554432"
    "memorysetup-bucket-allocator-block-count=8"
    "memorysetup-main-allocator-block-size=16777216"
    "memorysetup-thread-allocator-block-size=16777216"
    "memorysetup-gfx-main-allocator-block-size=16777216"
    "memorysetup-gfx-thread-allocator-block-size=16777216"
    "memorysetup-cache-allocator-block-size=4194304"
    "memorysetup-typetree-allocator-block-size=2097152"
    "memorysetup-profiler-bucket-allocator-granularity=16"
    "memorysetup-profiler-bucket-allocator-bucket-count=8"
    "memorysetup-profiler-bucket-allocator-block-size=33554432"
    "memorysetup-profiler-bucket-allocator-block-count=8"
    "memorysetup-profiler-allocator-block-size=16777216"
    "memorysetup-profiler-editor-allocator-block-size=1048576"
    "memorysetup-temp-allocator-size-main=16777216"
    "memorysetup-job-temp-allocator-block-size=2097152"
    "memorysetup-job-temp-allocator-block-size-background=1048576"
    "memorysetup-job-temp-allocator-reduction-small-platforms=262144"
    "memorysetup-allocator-temp-initial-block-size-main=262144"
    "memorysetup-allocator-temp-initial-block-size-worker=262144"
    "memorysetup-temp-allocator-size-background-worker=32768"
    "memorysetup-temp-allocator-size-job-worker=262144"
    "memorysetup-temp-allocator-size-preload-manager=33554432"
    "memorysetup-temp-allocator-size-nav-mesh-worker=65536"
    "memorysetup-temp-allocator-size-audio-worker=65536"
    "memorysetup-temp-allocator-size-cloud-worker=32768"
    "memorysetup-temp-allocator-size-gi-baking-worker=262144"
    "memorysetup-temp-allocator-size-gfx=262144"
Player connection [11104] Host "[IP] 172.19.0.1 [Port] 0 [Flags] 2 [Guid] 3754019823 [EditorId] 3754019823 [Version] 1048832 [Id] WindowsEditor(7,Laptop) [Debug] 1 [PackageName] WindowsEditor [ProjectName] Editor" joined multi-casting on [225.0.0.222:54997]...

Player connection [11104] Host "[IP] 172.19.0.1 [Port] 0 [Flags] 2 [Guid] 3754019823 [EditorId] 3754019823 [Version] 1048832 [Id] WindowsEditor(7,Laptop) [Debug] 1 [PackageName] WindowsEditor [ProjectName] Editor" joined alternative multi-casting on [225.0.0.222:34997]...

[Physics::Module] Initialized MultithreadedJobDispatcher with 15 workers.
Refreshing native plugins compatible for Editor in 3626.69 ms, found 3 plugins.
Preloading 0 native plugins for Editor in 0.00 ms.
Initialize engine version: 2022.3.19f1 (244b723c30a6)
[Subsystems] Discovering subsystems at path C:/Program Files/Unity/Hub/Editor/2022.3.19f1/Editor/Data/Resources/UnitySubsystems
[Subsystems] Discovering subsystems at path C:/Users/dzube/GitHub/ZombieStrike3D/ZombieStrike/Assets
GfxDevice: creating device client; threaded=0; jobified=0
Direct3D:
    Version:  Direct3D 11.0 [level 11.1]
    Renderer: AMD Radeon(TM) Graphics (ID=0x164c)
    Vendor:   ATI
    VRAM:     7853 MB
    Driver:   31.0.21912.14
Initialize mono
Mono path[0] = 'C:/Program Files/Unity/Hub/Editor/2022.3.19f1/Editor/Data/Managed'
Mono path[1] = 'C:/Program Files/Unity/Hub/Editor/2022.3.19f1/Editor/Data/MonoBleedingEdge/lib/mono/unityjit-win32'
Mono config path = 'C:/Program Files/Unity/Hub/Editor/2022.3.19f1/Editor/Data/MonoBleedingEdge/etc'
Using monoOptions --debugger-agent=transport=dt_socket,embedding=1,server=y,suspend=n,address=127.0.0.1:56436
Begin MonoManager ReloadAssembly
Registering precompiled unity dll's ...
Register platform support module: C:/Program Files/Unity/Hub/Editor/2022.3.19f1/Editor/Data/PlaybackEngines/WindowsStandaloneSupport/UnityEditor.WindowsStandalone.Extensions.dll
Registered in 0.188927 seconds.
- Loaded All Assemblies, in 11.423 seconds
Native extension for WindowsStandalone target not found
Mono: successfully reloaded assembly
- Finished resetting the current domain, in  0.527 seconds
Domain Reload Profiling: 11948ms
	BeginReloadAssembly (9034ms)
		ExecutionOrderSort (0ms)
		DisableScriptedObjects (0ms)
		BackupInstance (0ms)
		ReleaseScriptingObjects (0ms)
		CreateAndSetChildDomain (1ms)
	RebuildCommonClasses (769ms)
	RebuildNativeTypeToScriptingClass (20ms)
	initialDomainReloadingComplete (278ms)
	LoadAllAssembliesAndSetupDomain (1319ms)
		LoadAssemblies (9031ms)
		RebuildTransferFunctionScriptingTraits (0ms)
		AnalyzeDomain (1315ms)
			TypeCache.Refresh (1312ms)
				TypeCache.ScanAssembly (1153ms)
			ScanForSourceGeneratedMonoScriptInfo (1ms)
			ResolveRequiredComponents (1ms)
	FinalizeReload (528ms)
		ReleaseScriptCaches (0ms)
		RebuildScriptCaches (0ms)
		SetupLoadedEditorAssemblies (418ms)
			LogAssemblyErrors (0ms)
			InitializePlatformSupportModulesInManaged (12ms)
			SetLoadedEditorAssemblies (13ms)
			RefreshPlugins (0ms)
			BeforeProcessingInitializeOnLoad (4ms)
			ProcessInitializeOnLoadAttributes (298ms)
			ProcessInitializeOnLoadMethodAttributes (90ms)
			AfterProcessingInitializeOnLoad (0ms)
			EditorAssembliesLoaded (0ms)
		ExecutionOrderSort2 (0ms)
		AwakeInstancesAfterBackupRestoration (0ms)
========================================================================
Worker process is ready to serve import requests
Begin MonoManager ReloadAssembly
- Loaded All Assemblies, in  9.545 seconds
Refreshing native plugins compatible for Editor in 4.64 ms, found 3 plugins.
Native extension for WindowsStandalone target not found
Package Manager log level set to [2]
[Package Manager] Server::EnsureServerProcessIsRunning -- launch failed, reason: Unity was launched with the -noUpm command-line argument
[Package Manager] UpmClient::Send -- Unable to send message (not connected to UPM process).
[Package Manager] Cannot connect to Unity Package Manager local server
Mono: successfully reloaded assembly
- Finished resetting the current domain, in  1.038 seconds
Domain Reload Profiling: 10580ms
	BeginReloadAssembly (261ms)
		ExecutionOrderSort (0ms)
		DisableScriptedObjects (9ms)
		BackupInstance (0ms)
		ReleaseScriptingObjects (0ms)
		CreateAndSetChildDomain (44ms)
	RebuildCommonClasses (48ms)
	RebuildNativeTypeToScriptingClass (13ms)
	initialDomainReloadingComplete (73ms)
	LoadAllAssembliesAndSetupDomain (9146ms)
		LoadAssemblies (8265ms)
		RebuildTransferFunctionScriptingTraits (0ms)
		AnalyzeDomain (1015ms)
			TypeCache.Refresh (986ms)
				TypeCache.ScanAssembly (909ms)
			ScanForSourceGeneratedMonoScriptInfo (20ms)
			ResolveRequiredComponents (6ms)
	FinalizeReload (1038ms)
		ReleaseScriptCaches (0ms)
		RebuildScriptCaches (0ms)
		SetupLoadedEditorAssemblies (774ms)
			LogAssemblyErrors (0ms)
			InitializePlatformSupportModulesInManaged (14ms)
			SetLoadedEditorAssemblies (10ms)
			RefreshPlugins (0ms)
			BeforeProcessingInitializeOnLoad (100ms)
			ProcessInitializeOnLoadAttributes (606ms)
			ProcessInitializeOnLoadMethodAttributes (35ms)
			AfterProcessingInitializeOnLoad (9ms)
			EditorAssembliesLoaded (0ms)
		ExecutionOrderSort2 (0ms)
		AwakeInstancesAfterBackupRestoration (12ms)
Launched and connected shader compiler UnityShaderCompiler.exe after 0.11 seconds
Refreshing native plugins compatible for Editor in 12.25 ms, found 3 plugins.
Preloading 0 native plugins for Editor in 0.00 ms.
Unloading 3086 Unused Serialized files (Serialized files now loaded: 0)
Unloading 32 unused Assets / (57.0 KB). Loaded Objects now: 3547.
Memory consumption went from 122.9 MB to 122.9 MB.
Total: 6.007300 ms (FindLiveObjects: 0.351800 ms CreateObjectMapping: 0.109800 ms MarkObjects: 5.371200 ms  DeleteObjects: 0.172500 ms)

AssetImportParameters requested are different than current active one (requested -> active):
  custom:container-demuxer-ogg: 62fdf1f143b41e24485cea50d1cbac27 -> 
  custom:video-codec-MediaFoundation-h265: 746d11721c4dcdbdad8f713fa42b33f4 -> 
  custom:video-decoder-ogg-theora: a1e56fd34408186e4bbccfd4996cb3dc -> 
  custom:framework-win-MediaFoundation: 216162199b28c13a410421893ffa2e32 -> 
  custom:CustomObjectIndexerAttribute: 6d391050e5a25f67b0a2c618074f2cd9 -> 
  custom:container-demuxer-webm: 4f35f7cbe854078d1ac9338744f61a02 -> 
  custom:container-muxer-webm: aa71ff27fc2769a1b78a27578f13a17b -> 
  custom:video-decoder-webm-vp8: 9c59270c3fd7afecdb556c50c9e8de78 -> 
  custom:SearchIndexIgnoredProperties: e643bd26f0fe6173181afceb89e7c659 -> 
  custom:AudioImporter_EditorPlatform: d09bf68614088b80899f8185d706f6e7 -> 
  custom:video-encoder-webm-vp8: eb34c28f22e8b96e1ab97ce403110664 -> 
  custom:audio-decoder-ogg-vorbis: bf7c407c2cedff20999df2af8eb42d56 -> 
  custom:audio-encoder-webm-vorbis: bf7c407c2cedff20999df2af8eb42d56 -> 
========================================================================
Received Import Request.
  Time since last request: 186551.836276 seconds.
  path: Assets/Military/StarterAssets/Readme.asset
  artifactKey: Guid(4181bfe715a83e843b7538d750dc57cc) Importer(815301076,1909f56bfc062723c751e8b465ee728b)
Start importing Assets/Military/StarterAssets/Readme.asset using Guid(4181bfe715a83e843b7538d750dc57cc) Importer(815301076,1909f56bfc062723c751e8b465ee728b)  -> (artifact id: 'fb57499122acd4002bb2f3bb1276480b') in 0.024908 seconds
Number of updated asset objects reloaded before import = 0
Number of asset objects unloaded after import = 1
========================================================================
Received Import Request.
  Time since last request: 0.000027 seconds.
  path: Assets/Military/Materials/Pants2_Skin3.mat
  artifactKey: Guid(907de43488b59c54086bb78e00686023) Importer(815301076,1909f56bfc062723c751e8b465ee728b)
Start importing Assets/Military/Materials/Pants2_Skin3.mat using Guid(907de43488b59c54086bb78e00686023) Importer(815301076,1909f56bfc062723c751e8b465ee728b)  -> (artifact id: '052f18ea5da70383f00900888d3d217e') in 0.735930 seconds
Number of updated asset objects reloaded before import = 0
Number of asset objects unloaded after import = 6
========================================================================
Received Import Request.
  Time since last request: 0.000048 seconds.
  path: Assets/Military/Prefab/SK_Military_FPS_Survivalist (2).prefab
  artifactKey: Guid(25671d77d13295f41a2396dc108890df) Importer(815301076,1909f56bfc062723c751e8b465ee728b)
Start importing Assets/Military/Prefab/SK_Military_FPS_Survivalist (2).prefab using Guid(25671d77d13295f41a2396dc108890df) Importer(815301076,1909f56bfc062723c751e8b465ee728b)  -> (artifact id: '8be7ecbaae089de8b63a7c4967651b3f') in 1.100530 seconds
Number of updated asset objects reloaded before import = 0
Number of asset objects unloaded after import = 251
========================================================================
Received Import Request.
  Time since last request: 0.000093 seconds.
  path: Assets/Military/Materials/Pants2_Skin1.mat
  artifactKey: Guid(39c752ff4621e8f408fe3e0030d2cbce) Importer(815301076,1909f56bfc062723c751e8b465ee728b)
Start importing Assets/Military/Materials/Pants2_Skin1.mat using Guid(39c752ff4621e8f408fe3e0030d2cbce) Importer(815301076,1909f56bfc062723c751e8b465ee728b)  -> (artifact id: '86a3a840d5fdb1505c9201f73c983439') in 0.160505 seconds
Number of updated asset objects reloaded before import = 0
Number of asset objects unloaded after import = 6
========================================================================
Received Import Request.
  Time since last request: 0.000052 seconds.
  path: Assets/Military/Materials/Shirt3_Skin3.mat
  artifactKey: Guid(ed70616142da0fc49b90b7515061ffcf) Importer(815301076,1909f56bfc062723c751e8b465ee728b)
Start importing Assets/Military/Materials/Shirt3_Skin3.mat using Guid(ed70616142da0fc49b90b7515061ffcf) Importer(815301076,1909f56bfc062723c751e8b465ee728b)  -> (artifact id: '68813b4cbbdf9929ec92d6d21ee29c1e') in 0.084768 seconds
Number of updated asset objects reloaded before import = 0
Number of asset objects unloaded after import = 6
========================================================================
Received Import Request.
  Time since last request: 0.000034 seconds.
  path: Assets/Military/Materials/Boots3_Skin2.mat
  artifactKey: Guid(2c89187d4215b9f4c83dcefb5456897d) Importer(815301076,1909f56bfc062723c751e8b465ee728b)
Start importing Assets/Military/Materials/Boots3_Skin2.mat using Guid(2c89187d4215b9f4c83dcefb5456897d) Importer(815301076,1909f56bfc062723c751e8b465ee728b)  -> (artifact id: '46ef505d12cd168e75e7dddd9ab8bb0f') in 0.044896 seconds
Number of updated asset objects reloaded before import = 0
Number of asset objects unloaded after import = 6
========================================================================
Received Import Request.
  Time since last request: 0.000055 seconds.
  path: Assets/Military/Materials/Vest1_Skin1.mat
  artifactKey: Guid(85442a5678b051043a848d96f57c039d) Importer(815301076,1909f56bfc062723c751e8b465ee728b)
Start importing Assets/Military/Materials/Vest1_Skin1.mat using Guid(85442a5678b051043a848d96f57c039d) Importer(815301076,1909f56bfc062723c751e8b465ee728b)  -> (artifact id: '7ddee358c46415b97e65be912075f266') in 0.078885 seconds
Number of updated asset objects reloaded before import = 0
Number of asset objects unloaded after import = 6
========================================================================
Received Import Request.
  Time since last request: 0.000034 seconds.
  path: Assets/Military/Materials/Pants2_Skin2.mat
  artifactKey: Guid(91e1bfddab2e07149a6e37f1c74aa6e0) Importer(815301076,1909f56bfc062723c751e8b465ee728b)
Start importing Assets/Military/Materials/Pants2_Skin2.mat using Guid(91e1bfddab2e07149a6e37f1c74aa6e0) Importer(815301076,1909f56bfc062723c751e8b465ee728b)  -> (artifact id: 'fbd6bef83b3c1c4312b78bea124324b0') in 0.051640 seconds
Number of updated asset objects reloaded before import = 0
Number of asset objects unloaded after import = 6
========================================================================
Received Import Request.
  Time since last request: 0.000078 seconds.
  path: Assets/Military/Materials/Vest1_Skin3.mat
  artifactKey: Guid(0965979b013b68345a68889b01fdc0e8) Importer(815301076,1909f56bfc062723c751e8b465ee728b)
Start importing Assets/Military/Materials/Vest1_Skin3.mat using Guid(0965979b013b68345a68889b01fdc0e8) Importer(815301076,1909f56bfc062723c751e8b465ee728b)  -> (artifact id: 'b00e70353877169360f8bf03bf3cef61') in 0.061059 seconds
Number of updated asset objects reloaded before import = 0
Number of asset objects unloaded after import = 6
========================================================================
Received Import Request.
  Time since last request: 0.000106 seconds.
  path: Assets/Military/Materials/Vest1_Skin2.mat
  artifactKey: Guid(433800eadcf133e42b71c8c30a6d86e0) Importer(815301076,1909f56bfc062723c751e8b465ee728b)
Start importing Assets/Military/Materials/Vest1_Skin2.mat using Guid(433800eadcf133e42b71c8c30a6d86e0) Importer(815301076,1909f56bfc062723c751e8b465ee728b)  -> (artifact id: 'fa8c2492195b59392b11e866e309733b') in 0.077559 seconds
Number of updated asset objects reloaded before import = 0
Number of asset objects unloaded after import = 6
========================================================================
Received Import Request.
  Time since last request: 0.000046 seconds.
  path: Assets/Military/Materials
  artifactKey: Guid(3232ae25a076c524693e04439575d1e2) Importer(815301076,1909f56bfc062723c751e8b465ee728b)
Start importing Assets/Military/Materials using Guid(3232ae25a076c524693e04439575d1e2) Importer(815301076,1909f56bfc062723c751e8b465ee728b)  -> (artifact id: '32688f5343ee888d21056024a3072399') in 0.001010 seconds
Number of updated asset objects reloaded before import = 0
Number of asset objects unloaded after import = 0
========================================================================
Received Import Request.
  Time since last request: 0.000059 seconds.
  path: Assets/Military/Floor/MAT_Floor_URP.mat
  artifactKey: Guid(7cff07407be075345ab4576b8ba510ce) Importer(815301076,1909f56bfc062723c751e8b465ee728b)
Start importing Assets/Military/Floor/MAT_Floor_URP.mat using Guid(7cff07407be075345ab4576b8ba510ce) Importer(815301076,1909f56bfc062723c751e8b465ee728b)  -> (artifact id: 'acac6d005691bf7cdd9c26bed031b073') in 0.063325 seconds
Number of updated asset objects reloaded before import = 0
Number of asset objects unloaded after import = 1
========================================================================
Received Import Request.
  Time since last request: 0.000033 seconds.
  path: Assets/Military/Materials/FPS_Hands1_Skin1.mat
  artifactKey: Guid(308bfb0f350b3eb4781240efb6c21c23) Importer(815301076,1909f56bfc062723c751e8b465ee728b)
Start importing Assets/Military/Materials/FPS_Hands1_Skin1.mat using Guid(308bfb0f350b3eb4781240efb6c21c23) Importer(815301076,1909f56bfc062723c751e8b465ee728b)  -> (artifact id: '5cafc5465841c27074bbf0e1156db7f1') in 0.056899 seconds
Number of updated asset objects reloaded before import = 0
Number of asset objects unloaded after import = 5
========================================================================
Received Import Request.
  Time since last request: 0.000052 seconds.
  path: Assets/Military/Materials/Shirt3_Skin1.mat
  artifactKey: Guid(8f39a9a3bee8af04889e87c953c40533) Importer(815301076,1909f56bfc062723c751e8b465ee728b)
Start importing Assets/Military/Materials/Shirt3_Skin1.mat using Guid(8f39a9a3bee8af04889e87c953c40533) Importer(815301076,1909f56bfc062723c751e8b465ee728b)  -> (artifact id: '08cd463c531cfa7e5f124b3369b84891') in 0.055817 seconds
Number of updated asset objects reloaded before import = 0
Number of asset objects unloaded after import = 6
========================================================================
Received Import Request.
  Time since last request: 0.000045 seconds.
  path: Assets/Military/Prefab/SK_Military_Survivalist (3).prefab
  artifactKey: Guid(863c031a8670d3e4d8708b005a77bc33) Importer(815301076,1909f56bfc062723c751e8b465ee728b)
Start importing Assets/Military/Prefab/SK_Military_Survivalist (3).prefab using Guid(863c031a8670d3e4d8708b005a77bc33) Importer(815301076,1909f56bfc062723c751e8b465ee728b)  -> (artifact id: 'f6c20f20abe33f2b8ca9bee9f80c04f7') in 0.702889 seconds
Number of updated asset objects reloaded before import = 0
Number of asset objects unloaded after import = 255
========================================================================
Received Import Request.
  Time since last request: 0.000071 seconds.
  path: Assets/Military/Materials/Cap1_Skin4.mat
  artifactKey: Guid(3ada2b513534a4a42806251244eefe3d) Importer(815301076,1909f56bfc062723c751e8b465ee728b)
Start importing Assets/Military/Materials/Cap1_Skin4.mat using Guid(3ada2b513534a4a42806251244eefe3d) Importer(815301076,1909f56bfc062723c751e8b465ee728b)  -> (artifact id: 'f0926d11ddc9cac52b2b9569c4cfc474') in 0.103206 seconds
Number of updated asset objects reloaded before import = 0
Number of asset objects unloaded after import = 6
========================================================================
Received Import Request.
  Time since last request: 0.000082 seconds.
  path: Assets/Military/Military.unity
  artifactKey: Guid(e9017d5f96b9f09489b4b37e1d6eb914) Importer(815301076,1909f56bfc062723c751e8b465ee728b)
Start importing Assets/Military/Military.unity using Guid(e9017d5f96b9f09489b4b37e1d6eb914) Importer(815301076,1909f56bfc062723c751e8b465ee728b)  -> (artifact id: 'fb74a07aecfd62fa3140917b68673c68') in 0.001324 seconds
Number of updated asset objects reloaded before import = 0
Number of asset objects unloaded after import = 0
========================================================================
Received Import Request.
  Time since last request: 0.000039 seconds.
  path: Assets/Military/Materials/Shirt3_Skin2.mat
  artifactKey: Guid(2eafbc23cd3c62a47b7b2dcbf76f1526) Importer(815301076,1909f56bfc062723c751e8b465ee728b)
Start importing Assets/Military/Materials/Shirt3_Skin2.mat using Guid(2eafbc23cd3c62a47b7b2dcbf76f1526) Importer(815301076,1909f56bfc062723c751e8b465ee728b)  -> (artifact id: '82d87e0e6ada4baede194ebc74025484') in 0.071175 seconds
Number of updated asset objects reloaded before import = 0
Number of asset objects unloaded after import = 6
========================================================================
Received Import Request.
  Time since last request: 0.000046 seconds.
  path: Assets/Military/Materials/Hands1_Skin1.mat
  artifactKey: Guid(a4f3038e85335ab4eb10f074fda8b6ad) Importer(815301076,1909f56bfc062723c751e8b465ee728b)
Start importing Assets/Military/Materials/Hands1_Skin1.mat using Guid(a4f3038e85335ab4eb10f074fda8b6ad) Importer(815301076,1909f56bfc062723c751e8b465ee728b)  -> (artifact id: 'c8e243fe3ff8d3dc23a52a8be121887e') in 0.059944 seconds
Number of updated asset objects reloaded before import = 0
Number of asset objects unloaded after import = 5
Editor requested this worker to shutdown with reason: Scaling down because of idle timeout
TcpMessagingSession - receive error: operation aborted. errorcode: 995, details: ќпераци€ ввода/вывода была прервана из-за завершени€ потока команд или по запросу приложени€.
AssetImportWorker is now disconnected from the server
Process exiting
Exiting without the bug reporter. Application will terminate with return code 0